<?xml version="1.0" encoding="UTF-8"?>
<!-- Generated by org.testng.reporters.JUnitReportReporter -->
<testsuite hostname="TECLOHP" failures="0" tests="1" name="com.qa.saucedemo.testcases.DropDownFilterTestCase" time="31.233" errors="0" timestamp="2024-06-25T00:00:44 IST" skipped="0">
  <testcase classname="com.qa.saucedemo.testcases.DropDownFilterTestCase" name="dropdown" time="31.233"/>
</testsuite> <!-- com.qa.saucedemo.testcases.DropDownFilterTestCase -->
