<?xml version="1.0" encoding="UTF-8"?>
<!-- Generated by org.testng.reporters.JUnitReportReporter -->
<testsuite hostname="TECLOHP" failures="0" tests="1" name="com.qa.saucedemo.testcases.SauceDemo" time="41.255" errors="0" timestamp="2024-06-24T19:37:43 IST" skipped="0">
  <testcase classname="com.qa.saucedemo.testcases.SauceDemo" name="loginForHomeSection" time="41.255"/>
</testsuite> <!-- com.qa.saucedemo.testcases.SauceDemo -->
