<?xml version="1.0" encoding="UTF-8"?>
<!-- Generated by org.testng.reporters.JUnitReportReporter -->
<testsuite hostname="TECLOHP" failures="0" tests="1" name="com.qa.saucedemo.testcases.Remove_ProductFromCartTestCases" time="18.153" errors="0" timestamp="2024-06-25T13:23:20 IST" skipped="0">
  <testcase classname="com.qa.saucedemo.testcases.Remove_ProductFromCartTestCases" name="Remove_ProductFromCart" time="18.153"/>
</testsuite> <!-- com.qa.saucedemo.testcases.Remove_ProductFromCartTestCases -->
