<?xml version="1.0" encoding="UTF-8"?>
<!-- Generated by org.testng.reporters.JUnitReportReporter -->
<testsuite hostname="TECLOHP" failures="0" tests="8" name="com.qa.saucedemo.testcases.LoginTestCase" time="43.590" errors="0" timestamp="2024-06-22T11:22:22 IST" skipped="0">
  <testcase classname="com.qa.saucedemo.testcases.LoginTestCase" name="verifyLoginFunctionality" time="4.168"/>
  <testcase classname="com.qa.saucedemo.testcases.LoginTestCase" name="loginLogoImage" time="3.400"/>
  <testcase classname="com.qa.saucedemo.testcases.LoginTestCase" name="loginTest" time="8.028"/>
  <testcase classname="com.qa.saucedemo.testcases.LoginTestCase" name="loginPageTitle" time="3.013"/>
  <testcase classname="com.qa.saucedemo.testcases.LoginTestCase" name="verifyLoginFunctionality" time="3.795"/>
  <testcase classname="com.qa.saucedemo.testcases.LoginTestCase" name="verifyLoginFunctionality" time="4.879"/>
  <testcase classname="com.qa.saucedemo.testcases.LoginTestCase" name="verifyLoginFunctionality" time="3.718"/>
  <testcase classname="com.qa.saucedemo.testcases.LoginTestCase" name="verifyLoginFunctionality" time="12.589"/>
</testsuite> <!-- com.qa.saucedemo.testcases.LoginTestCase -->
