<?xml version="1.0" encoding="UTF-8"?>
<!-- Generated by org.testng.reporters.JUnitReportReporter -->
<testsuite hostname="TECLOHP" failures="0" tests="1" name="com.qa.saucedemo.testcases.LogoutAndSideMenuTestCase" time="27.568" errors="0" timestamp="2024-06-24T23:58:55 IST" skipped="0">
  <testcase classname="com.qa.saucedemo.testcases.LogoutAndSideMenuTestCase" name="logout" time="27.568"/>
</testsuite> <!-- com.qa.saucedemo.testcases.LogoutAndSideMenuTestCase -->
