<?xml version="1.0" encoding="UTF-8"?>
<!-- Generated by org.testng.reporters.JUnitReportReporter -->
<testsuite hostname="TECLOHP" failures="0" tests="1" name="com.qa.saucedemo.testcases.Add_To_CartTestCase" time="27.166" errors="0" timestamp="2024-06-25T16:38:19 IST" skipped="0">
  <testcase classname="com.qa.saucedemo.testcases.Add_To_CartTestCase" name="Add_To_Cart" time="27.166"/>
</testsuite> <!-- com.qa.saucedemo.testcases.Add_To_CartTestCase -->
